<?xml version="1.0" encoding="UTF-8" ?>
<testsuite errors="0" failures="0" hostname="DOUZO" name="RationalTest" skipped="0" tests="7" time="0.024" timestamp="2024-09-07T14:43:04">
  <properties>
    <property name="ant.project.invoked-targets" value="test" />
    <property name="java.runtime.name" value="OpenJDK Runtime Environment" />
    <property name="sun.boot.library.path" value="C:\Users\lynni\.jdks\corretto-1.8.0_422\jre\bin" />
    <property name="java.vm.version" value="25.422-b05" />
    <property name="ant.library.dir" value="C:\Program Files\JetBrains\IntelliJ IDEA 2023.1.6\lib\ant\lib" />
    <property name="ant.version" value="Apache Ant(TM) version 1.10.12 compiled on October 13 2021" />
    <property name="ant.java.version" value="1.8" />
    <property name="java.vm.vendor" value="Amazon.com Inc." />
    <property name="java.vendor.url" value="https://aws.amazon.com/corretto/" />
    <property name="path.separator" value=";" />
    <property name="java.vm.name" value="OpenJDK 64-Bit Server VM" />
    <property name="file.encoding.pkg" value="sun.io" />
    <property name="user.script" value="" />
    <property name="user.country" value="US" />
    <property name="sun.java.launcher" value="SUN_STANDARD" />
    <property name="sun.os.patch.level" value="" />
    <property name="java.vm.specification.name" value="Java Virtual Machine Specification" />
    <property name="user.dir" value="D:\Github\Rational" />
    <property name="java.runtime.version" value="1.8.0_422-b05" />
    <property name="java.awt.graphicsenv" value="sun.awt.Win32GraphicsEnvironment" />
    <property name="basedir" value="D:\Github\Rational" />
    <property name="java.endorsed.dirs" value="C:\Users\lynni\.jdks\corretto-1.8.0_422\jre\lib\endorsed" />
    <property name="os.arch" value="amd64" />
    <property name="java.io.tmpdir" value="C:\Users\lynni\AppData\Local\Temp\" />
    <property name="ant.core.lib" value="C:\Program Files\JetBrains\IntelliJ IDEA 2023.1.6\lib\ant\lib\ant.jar" />
    <property name="line.separator" value="&#xd;&#xa;" />
    <property name="java.vm.specification.vendor" value="Oracle Corporation" />
    <property name="user.variant" value="" />
    <property name="os.name" value="Windows 11" />
    <property name="ant.home" value="C:\Program Files\JetBrains\IntelliJ IDEA 2023.1.6\lib\ant" />
    <property name="sun.jnu.encoding" value="Cp1252" />
    <property name="java.library.path" value="C:\Users\lynni\.jdks\corretto-1.8.0_422\bin;C:\WINDOWS\Sun\Java\bin;C:\WINDOWS\system32;C:\WINDOWS;C:\Program Files\NVIDIA GPU Computing Toolkit\CUDA\v12.5\bin;C:\Program Files\NVIDIA GPU Computing Toolkit\CUDA\v12.5\libnvvp;C:\Program Files (x86)\Common Files\Intel\Shared Libraries\redist\intel64\compiler;C:\WINDOWS\system32;C:\WINDOWS;C:\WINDOWS\System32\Wbem;C:\WINDOWS\System32\WindowsPowerShell\v1.0\;C:\WINDOWS\System32\OpenSSH\;C:\Program Files (x86)\NVIDIA Corporation\PhysX\Common;C:\Program Files\Git\cmd;C:\Program Files\PuTTY\;C:\Program Files (x86)\Pulse Secure\VC142.CRT\X64\;C:\Program Files (x86)\Pulse Secure\VC142.CRT\X86\;C:\Program Files (x86)\Windows Kits\10\Windows Performance Toolkit\;C:\Program Files\dotnet\;C:\flutter\bin;C:\dart-sdk\bin;C:\Program Files\Tailscale\;C:\Program Files\Cloudflare\Cloudflare WARP\;C:\Program Files\nodejs\;C:\Program Files\NVIDIA Corporation\Nsight Compute 2024.2.0\;C:\Program Files\NVIDIA Corporation\NVIDIA App\NvDLISR;C:\ProgramData\chocolatey\bin;C:\Program Files\Java\jdk-22\bin;;C:\Program Files\Docker\Docker\resources\bin;C:\Users\lynni\AppData\Local\Programs\Python\Python312\Scripts\;C:\Users\lynni\AppData\Local\Programs\Python\Python312\;C:\Program Files\MySQL\MySQL Shell 8.0\bin\;C:\Users\lynni\AppData\Local\Microsoft\WindowsApps;C:\Users\lynni\AppData\Local\Programs\Microsoft VS Code\bin;C:\Users\lynni\AppData\Local\GitHubDesktop\bin;C:\Users\lynni\AppData\Local\Programs\mongosh\;C:\Users\lynni\AppData\Local\spicetify;C:\Users\lynni\AppData\Local\Pub\Cache\bin;C:\Users\lynni\AppData\Roaming\npm;;C:\Users\lynni\.bun\bin;C:\Users\lynni\AppData\Local\Programs\Ollama;%USERPROFILE%\AppData\Local\Microsoft\WindowsApps;." />
    <property name="java.specification.name" value="Java Platform API Specification" />
    <property name="java.class.version" value="52.0" />
    <property name="sun.management.compiler" value="HotSpot 64-Bit Tiered Compilers" />
    <property name="os.version" value="10.0" />
    <property name="ant.file" value="D:\Github\Rational\build.xml" />
    <property name="user.home" value="C:\Users\lynni" />
    <property name="user.timezone" value="" />
    <property name="java.awt.printerjob" value="sun.awt.windows.WPrinterJob" />
    <property name="java.specification.version" value="1.8" />
    <property name="file.encoding" value="UTF-8" />
    <property name="user.name" value="lynni" />
    <property name="java.class.path" value="C:\Program Files\JetBrains\IntelliJ IDEA 2023.1.6\lib\ant\lib\ant.jar;C:\Users\lynni\.jdks\corretto-1.8.0_422\lib\tools.jar;C:\Program Files\JetBrains\IntelliJ IDEA 2023.1.6\lib\idea_rt.jar" />
    <property name="java.vm.specification.version" value="1.8" />
    <property name="sun.java.command" value="com.intellij.rt.ant.execution.AntMain2 -logger com.intellij.rt.ant.execution.IdeaAntLogger2 -inputhandler com.intellij.rt.ant.execution.IdeaInputHandler -buildfile D:\Github\Rational\build.xml test" />
    <property name="sun.arch.data.model" value="64" />
    <property name="java.home" value="C:\Users\lynni\.jdks\corretto-1.8.0_422\jre" />
    <property name="java.specification.vendor" value="Oracle Corporation" />
    <property name="user.language" value="en" />
    <property name="awt.toolkit" value="sun.awt.windows.WToolkit" />
    <property name="java.vm.info" value="mixed mode" />
    <property name="java.version" value="1.8.0_422" />
    <property name="java.ext.dirs" value="C:\Users\lynni\.jdks\corretto-1.8.0_422\jre\lib\ext;C:\WINDOWS\Sun\Java\lib\ext" />
    <property name="sun.boot.class.path" value="C:\Users\lynni\.jdks\corretto-1.8.0_422\jre\lib\resources.jar;C:\Users\lynni\.jdks\corretto-1.8.0_422\jre\lib\rt.jar;C:\Users\lynni\.jdks\corretto-1.8.0_422\jre\lib\sunrsasign.jar;C:\Users\lynni\.jdks\corretto-1.8.0_422\jre\lib\jsse.jar;C:\Users\lynni\.jdks\corretto-1.8.0_422\jre\lib\jce.jar;C:\Users\lynni\.jdks\corretto-1.8.0_422\jre\lib\charsets.jar;C:\Users\lynni\.jdks\corretto-1.8.0_422\jre\lib\jfr.jar;C:\Users\lynni\.jdks\corretto-1.8.0_422\jre\classes" />
    <property name="java.vendor" value="Amazon.com Inc." />
    <property name="java.specification.maintenance.version" value="5" />
    <property name="file.separator" value="\" />
    <property name="java.vendor.url.bug" value="https://github.com/corretto/corretto-8/issues/" />
    <property name="sun.io.unicode.encoding" value="UnicodeLittle" />
    <property name="sun.cpu.endian" value="little" />
    <property name="ant.file.type" value="file" />
    <property name="sun.desktop" value="windows" />
    <property name="sun.cpu.isalist" value="amd64" />
  </properties>
  <testcase classname="RationalTest" name="testAdd" time="0.004" />
  <testcase classname="RationalTest" name="testSubtract" time="0.0" />
  <testcase classname="RationalTest" name="testEqual" time="0.0" />
  <testcase classname="RationalTest" name="testToString" time="0.0" />
  <testcase classname="RationalTest" name="testCompare" time="0.0" />
  <testcase classname="RationalTest" name="testDivide" time="0.0" />
  <testcase classname="RationalTest" name="testMultiply" time="0.0" />
  <system-out><![CDATA[]]></system-out>
  <system-err><![CDATA[]]></system-err>
</testsuite>
