<?xml version="1.0" encoding="UTF-8"?>
<testsuite name="RationalTest" tests="7" skipped="0" failures="0" errors="0" timestamp="2024-09-07T14:51:57" hostname="DOUZO" time="0.002">
  <properties/>
  <testcase name="testAdd" classname="RationalTest" time="0.001"/>
  <testcase name="testSubtract" classname="RationalTest" time="0.0"/>
  <testcase name="testEqual" classname="RationalTest" time="0.0"/>
  <testcase name="testToString" classname="RationalTest" time="0.0"/>
  <testcase name="testCompare" classname="RationalTest" time="0.0"/>
  <testcase name="testDivide" classname="RationalTest" time="0.0"/>
  <testcase name="testMultiply" classname="RationalTest" time="0.0"/>
  <system-out><![CDATA[]]></system-out>
  <system-err><![CDATA[]]></system-err>
</testsuite>
